<?xml version="1.0" encoding="UTF-8"?>
<testng-results ignored="0" total="1" passed="1" failed="0" skipped="0">
  <reporter-output>
  </reporter-output>
  <suite started-at="2023-04-30T17:21:17 CEST" name="Surefire suite" finished-at="2023-04-30T17:21:23 CEST" duration-ms="6125">
    <groups>
    </groups>
    <test started-at="2023-04-30T17:21:17 CEST" name="Surefire test" finished-at="2023-04-30T17:21:23 CEST" duration-ms="6125">
      <class name="com.placelab.tests.SmokeTest">
        <test-method is-config="true" signature="setup()[pri:0, instance:com.placelab.tests.SmokeTest@4ddced80]" started-at="2023-04-30T17:21:17 CEST" name="setup" finished-at="2023-04-30T17:21:23 CEST" duration-ms="6093" status="PASS">
          <reporter-output>
          </reporter-output>
        </test-method> <!-- setup -->
        <test-method signature="openPage()[pri:0, instance:com.placelab.tests.SmokeTest@4ddced80]" started-at="2023-04-30T17:21:23 CEST" name="openPage" finished-at="2023-04-30T17:21:23 CEST" duration-ms="1" status="PASS">
          <reporter-output>
          </reporter-output>
        </test-method> <!-- openPage -->
        <test-method is-config="true" signature="printTitle()[pri:0, instance:com.placelab.tests.SmokeTest@4ddced80]" started-at="2023-04-30T17:21:23 CEST" name="printTitle" finished-at="2023-04-30T17:21:23 CEST" duration-ms="5" status="PASS">
          <reporter-output>
          </reporter-output>
        </test-method> <!-- printTitle -->
      </class> <!-- com.placelab.tests.SmokeTest -->
    </test> <!-- Surefire test -->
  </suite> <!-- Surefire suite -->
</testng-results>
